  CREATE_STREAM @0 {NAME:clk10_rst5_seq T:TVM SCOPE:uvm_test_top.tb.clk_rst.agent.sequencer STREAM:1}
BEGIN @0 {TXH:2 STREAM:1 NAME:clk10_rst5_seq TIME=0  TYPE="Begin_No_Parent, Link" LABEL:"" DESC=""}
  CREATE_STREAM @0 {NAME:write_wbxspi_seq T:TVM SCOPE:uvm_test_top.tb.mc_seqr STREAM:3}
BEGIN @0 {TXH:4 STREAM:3 NAME:write_wbxspi_seq TIME=0  TYPE="Begin_No_Parent, Link" LABEL:"" DESC=""}
BEGIN @0 {TXH:5 STREAM:1 NAME:cr TIME=0  TYPE="Begin_End, Link" LABEL:"" DESC=""}
  LINK @0 {TXH1:2 TXH2:5 RELATION=child}
  CREATE_STREAM @0 {NAME:write_wbxspi_seq T:TVM SCOPE:uvm_test_top.tb.wb.masters[0].sequencer STREAM:6}
BEGIN @0 {TXH:7 STREAM:6 NAME:wb_spi1_write TIME=0  TYPE="Begin_End, Link" LABEL:"" DESC=""}
  LINK @0 {TXH1:4 TXH2:7 RELATION=child}
  CREATE_STREAM @0 {NAME:write_wbxspi_seq T:TVM SCOPE:uvm_test_top.tb.spi1.slave_agent.seqr STREAM:8}
BEGIN @0 {TXH:9 STREAM:8 NAME:spi_seq TIME=0  TYPE="Begin_End, Link" LABEL:"" DESC=""}
  LINK @0 {TXH1:4 TXH2:9 RELATION=child}
BEGIN @0 {TXH:10 STREAM:1 NAME:clk10_rst5_seq TIME=0  TYPE="Begin_No_Parent, Link" LABEL:"" DESC=""}
BEGIN @0 {TXH:11 STREAM:3 NAME:write_wbxspi_seq TIME=0  TYPE="Begin_No_Parent, Link" LABEL:"" DESC=""}
BEGIN @0 {TXH:12 STREAM:1 NAME:cr TIME=0  TYPE="Begin_End, Link" LABEL:"" DESC=""}
  LINK @0 {TXH1:10 TXH2:12 RELATION=child}
BEGIN @0 {TXH:13 STREAM:6 NAME:wb_spi1_write TIME=0  TYPE="Begin_End, Link" LABEL:"" DESC=""}
  LINK @0 {TXH1:11 TXH2:13 RELATION=child}
BEGIN @0 {TXH:14 STREAM:8 NAME:spi_seq TIME=0  TYPE="Begin_End, Link" LABEL:"" DESC=""}
  LINK @0 {TXH1:11 TXH2:14 RELATION=child}
BEGIN @0 {TXH:15 STREAM:6 NAME:req TIME=0  TYPE="Begin_End, Link" LABEL:"" DESC=""}
  LINK @0 {TXH1:7 TXH2:15 RELATION=child}
BEGIN @0 {TXH:16 STREAM:1 NAME:req TIME=0  TYPE="Begin_End, Link" LABEL:"" DESC=""}
  LINK @0 {TXH1:5 TXH2:16 RELATION=child}
  SET_ATTR @0 {TXH:16 NAME:clock_period VALUE:10   RADIX:UVM_HEX BITS=32}
  SET_ATTR @0 {TXH:16 NAME:reset_delay VALUE:5   RADIX:UVM_HEX BITS=32}
  SET_ATTR @0 {TXH:16 NAME:clock_cycles_to_count VALUE:0   RADIX:UVM_HEX BITS=32}
  SET_ATTR @0 {TXH:16 NAME:cycle_count_must_happen VALUE:0   RADIX:UVM_HEX BITS=1}
  SET_ATTR @0 {TXH:16 NAME:run_clock VALUE:1   RADIX:UVM_HEX BITS=1}
  SET_ATTR @0 {TXH:16 NAME:transaction_id VALUE:1   RADIX:UVM_DEC BITS=32}
END @0 {TXH:16 TIME=0}
FREE @0 {TXH:16}
END @0 {TXH:5 TIME=0}
FREE @0 {TXH:5}
BEGIN @0 {TXH:17 STREAM:1 NAME:req TIME=0  TYPE="Begin_End, Link" LABEL:"" DESC=""}
  LINK @0 {TXH1:12 TXH2:17 RELATION=child}
  SET_ATTR @0 {TXH:17 NAME:clock_period VALUE:10   RADIX:UVM_HEX BITS=32}
  SET_ATTR @0 {TXH:17 NAME:reset_delay VALUE:5   RADIX:UVM_HEX BITS=32}
  SET_ATTR @0 {TXH:17 NAME:clock_cycles_to_count VALUE:0   RADIX:UVM_HEX BITS=32}
  SET_ATTR @0 {TXH:17 NAME:cycle_count_must_happen VALUE:0   RADIX:UVM_HEX BITS=1}
  SET_ATTR @0 {TXH:17 NAME:run_clock VALUE:1   RADIX:UVM_HEX BITS=1}
  SET_ATTR @0 {TXH:17 NAME:transaction_id VALUE:1   RADIX:UVM_DEC BITS=32}
END @0 {TXH:17 TIME=0}
FREE @0 {TXH:17}
END @0 {TXH:12 TIME=0}
FREE @0 {TXH:12}
  SET_ATTR @75000 {TXH:15 NAME:op_type VALUE:8602543204856329317   RADIX:UVM_STRING BITS=64}
  SET_ATTR @75000 {TXH:15 NAME:addr VALUE:0   RADIX:UVM_HEX BITS=32}
  SET_ATTR @75000 {TXH:15 NAME:din VALUE:112   RADIX:UVM_HEX BITS=8}
  SET_ATTR @75000 {TXH:15 NAME:dout VALUE:X   RADIX:UVM_HEX BITS=8}
  SET_ATTR @75000 {TXH:15 NAME:rest_rf VALUE:0   RADIX:UVM_HEX BITS=1}
  SET_ATTR @75000 {TXH:15 NAME:transaction_id VALUE:1   RADIX:UVM_DEC BITS=32}
END @75000 {TXH:15 TIME=0}
FREE @75000 {TXH:15}
BEGIN @75000 {TXH:18 STREAM:6 NAME:req TIME=0  TYPE="Begin_End, Link" LABEL:"" DESC=""}
  LINK @75000 {TXH1:13 TXH2:18 RELATION=child}
  SET_ATTR @95000 {TXH:18 NAME:op_type VALUE:8602543204856329317   RADIX:UVM_STRING BITS=64}
  SET_ATTR @95000 {TXH:18 NAME:addr VALUE:0   RADIX:UVM_HEX BITS=32}
  SET_ATTR @95000 {TXH:18 NAME:din VALUE:112   RADIX:UVM_HEX BITS=8}
  SET_ATTR @95000 {TXH:18 NAME:dout VALUE:X   RADIX:UVM_HEX BITS=8}
  SET_ATTR @95000 {TXH:18 NAME:rest_rf VALUE:0   RADIX:UVM_HEX BITS=1}
  SET_ATTR @95000 {TXH:18 NAME:transaction_id VALUE:1   RADIX:UVM_DEC BITS=32}
END @95000 {TXH:18 TIME=0}
FREE @95000 {TXH:18}
BEGIN @95000 {TXH:19 STREAM:6 NAME:req TIME=0  TYPE="Begin_End, Link" LABEL:"" DESC=""}
  LINK @95000 {TXH1:7 TXH2:19 RELATION=child}
BEGIN @105000 {TXH:20 STREAM:8 NAME:req TIME=0  TYPE="Begin_End, Link" LABEL:"" DESC=""}
  LINK @105000 {TXH1:9 TXH2:20 RELATION=child}
  SET_ATTR @105000 {TXH:20 NAME:data_in VALUE:0   RADIX:UVM_HEX BITS=8}
  SET_ATTR @105000 {TXH:20 NAME:data_out VALUE:0   RADIX:UVM_HEX BITS=8}
  SET_ATTR @105000 {TXH:20 NAME:transaction_id VALUE:1   RADIX:UVM_DEC BITS=32}
END @105000 {TXH:20 TIME=0}
FREE @105000 {TXH:20}
END @105000 {TXH:9 TIME=0}
FREE @105000 {TXH:9}
  SET_ATTR @115000 {TXH:19 NAME:op_type VALUE:8602543204856329317   RADIX:UVM_STRING BITS=64}
  SET_ATTR @115000 {TXH:19 NAME:addr VALUE:4   RADIX:UVM_HEX BITS=32}
  SET_ATTR @115000 {TXH:19 NAME:din VALUE:1   RADIX:UVM_HEX BITS=8}
  SET_ATTR @115000 {TXH:19 NAME:dout VALUE:X   RADIX:UVM_HEX BITS=8}
  SET_ATTR @115000 {TXH:19 NAME:rest_rf VALUE:0   RADIX:UVM_HEX BITS=1}
  SET_ATTR @115000 {TXH:19 NAME:transaction_id VALUE:2   RADIX:UVM_DEC BITS=32}
END @115000 {TXH:19 TIME=0}
FREE @115000 {TXH:19}
BEGIN @115000 {TXH:21 STREAM:6 NAME:req TIME=0  TYPE="Begin_End, Link" LABEL:"" DESC=""}
  LINK @115000 {TXH1:13 TXH2:21 RELATION=child}
  SET_ATTR @135000 {TXH:21 NAME:op_type VALUE:8602543204856329317   RADIX:UVM_STRING BITS=64}
  SET_ATTR @135000 {TXH:21 NAME:addr VALUE:4   RADIX:UVM_HEX BITS=32}
  SET_ATTR @135000 {TXH:21 NAME:din VALUE:1   RADIX:UVM_HEX BITS=8}
  SET_ATTR @135000 {TXH:21 NAME:dout VALUE:X   RADIX:UVM_HEX BITS=8}
  SET_ATTR @135000 {TXH:21 NAME:rest_rf VALUE:0   RADIX:UVM_HEX BITS=1}
  SET_ATTR @135000 {TXH:21 NAME:transaction_id VALUE:2   RADIX:UVM_DEC BITS=32}
END @135000 {TXH:21 TIME=0}
FREE @135000 {TXH:21}
BEGIN @135000 {TXH:22 STREAM:6 NAME:req TIME=0  TYPE="Begin_End, Link" LABEL:"" DESC=""}
  LINK @135000 {TXH1:7 TXH2:22 RELATION=child}
  SET_ATTR @155000 {TXH:22 NAME:op_type VALUE:8602543204856329317   RADIX:UVM_STRING BITS=64}
  SET_ATTR @155000 {TXH:22 NAME:addr VALUE:2   RADIX:UVM_HEX BITS=32}
  SET_ATTR @155000 {TXH:22 NAME:din VALUE:5   RADIX:UVM_HEX BITS=8}
  SET_ATTR @155000 {TXH:22 NAME:dout VALUE:X   RADIX:UVM_HEX BITS=8}
  SET_ATTR @155000 {TXH:22 NAME:rest_rf VALUE:0   RADIX:UVM_HEX BITS=1}
  SET_ATTR @155000 {TXH:22 NAME:transaction_id VALUE:3   RADIX:UVM_DEC BITS=32}
END @155000 {TXH:22 TIME=0}
FREE @155000 {TXH:22}
BEGIN @155000 {TXH:23 STREAM:6 NAME:req TIME=0  TYPE="Begin_End, Link" LABEL:"" DESC=""}
  LINK @155000 {TXH1:13 TXH2:23 RELATION=child}
  SET_ATTR @175000 {TXH:23 NAME:op_type VALUE:8602543204856329317   RADIX:UVM_STRING BITS=64}
  SET_ATTR @175000 {TXH:23 NAME:addr VALUE:2   RADIX:UVM_HEX BITS=32}
  SET_ATTR @175000 {TXH:23 NAME:din VALUE:5   RADIX:UVM_HEX BITS=8}
  SET_ATTR @175000 {TXH:23 NAME:dout VALUE:X   RADIX:UVM_HEX BITS=8}
  SET_ATTR @175000 {TXH:23 NAME:rest_rf VALUE:0   RADIX:UVM_HEX BITS=1}
  SET_ATTR @175000 {TXH:23 NAME:transaction_id VALUE:3   RADIX:UVM_DEC BITS=32}
END @175000 {TXH:23 TIME=0}
FREE @175000 {TXH:23}
END @300000 {TXH:2 TIME=0}
FREE @300000 {TXH:2}
END @300000 {TXH:10 TIME=0}
FREE @300000 {TXH:10}
BEGIN @315000 {TXH:24 STREAM:6 NAME:req TIME=0  TYPE="Begin_End, Link" LABEL:"" DESC=""}
  LINK @315000 {TXH1:7 TXH2:24 RELATION=child}
BEGIN @315000 {TXH:25 STREAM:8 NAME:req TIME=0  TYPE="Begin_End, Link" LABEL:"" DESC=""}
  LINK @315000 {TXH1:14 TXH2:25 RELATION=child}
  SET_ATTR @315000 {TXH:25 NAME:data_in VALUE:0   RADIX:UVM_HEX BITS=8}
  SET_ATTR @315000 {TXH:25 NAME:data_out VALUE:0   RADIX:UVM_HEX BITS=8}
  SET_ATTR @315000 {TXH:25 NAME:transaction_id VALUE:1   RADIX:UVM_DEC BITS=32}
END @315000 {TXH:25 TIME=0}
FREE @315000 {TXH:25}
END @315000 {TXH:14 TIME=0}
FREE @315000 {TXH:14}
  SET_ATTR @335000 {TXH:24 NAME:op_type VALUE:8602543204856329317   RADIX:UVM_STRING BITS=64}
  SET_ATTR @335000 {TXH:24 NAME:addr VALUE:4   RADIX:UVM_HEX BITS=32}
  SET_ATTR @335000 {TXH:24 NAME:din VALUE:0   RADIX:UVM_HEX BITS=8}
  SET_ATTR @335000 {TXH:24 NAME:dout VALUE:X   RADIX:UVM_HEX BITS=8}
  SET_ATTR @335000 {TXH:24 NAME:rest_rf VALUE:0   RADIX:UVM_HEX BITS=1}
  SET_ATTR @335000 {TXH:24 NAME:transaction_id VALUE:4   RADIX:UVM_DEC BITS=32}
END @335000 {TXH:24 TIME=0}
FREE @335000 {TXH:24}
BEGIN @335000 {TXH:26 STREAM:6 NAME:req TIME=0  TYPE="Begin_End, Link" LABEL:"" DESC=""}
  LINK @335000 {TXH1:13 TXH2:26 RELATION=child}
  SET_ATTR @355000 {TXH:26 NAME:op_type VALUE:8602543204856329317   RADIX:UVM_STRING BITS=64}
  SET_ATTR @355000 {TXH:26 NAME:addr VALUE:4   RADIX:UVM_HEX BITS=32}
  SET_ATTR @355000 {TXH:26 NAME:din VALUE:0   RADIX:UVM_HEX BITS=8}
  SET_ATTR @355000 {TXH:26 NAME:dout VALUE:X   RADIX:UVM_HEX BITS=8}
  SET_ATTR @355000 {TXH:26 NAME:rest_rf VALUE:0   RADIX:UVM_HEX BITS=1}
  SET_ATTR @355000 {TXH:26 NAME:transaction_id VALUE:4   RADIX:UVM_DEC BITS=32}
END @355000 {TXH:26 TIME=0}
FREE @355000 {TXH:26}
BEGIN @355000 {TXH:27 STREAM:6 NAME:req TIME=0  TYPE="Begin_End, Link" LABEL:"" DESC=""}
  LINK @355000 {TXH1:7 TXH2:27 RELATION=child}
  SET_ATTR @375000 {TXH:27 NAME:op_type VALUE:33603684309229924   RADIX:UVM_STRING BITS=56}
  SET_ATTR @375000 {TXH:27 NAME:addr VALUE:2   RADIX:UVM_HEX BITS=32}
  SET_ATTR @375000 {TXH:27 NAME:din VALUE:20   RADIX:UVM_HEX BITS=8}
  SET_ATTR @375000 {TXH:27 NAME:dout VALUE:0   RADIX:UVM_HEX BITS=8}
  SET_ATTR @375000 {TXH:27 NAME:rest_rf VALUE:0   RADIX:UVM_HEX BITS=1}
  SET_ATTR @375000 {TXH:27 NAME:transaction_id VALUE:5   RADIX:UVM_DEC BITS=32}
END @375000 {TXH:27 TIME=0}
FREE @375000 {TXH:27}
END @375000 {TXH:7 TIME=0}
FREE @375000 {TXH:7}
END @375000 {TXH:4 TIME=0}
FREE @375000 {TXH:4}
BEGIN @375000 {TXH:28 STREAM:6 NAME:req TIME=0  TYPE="Begin_End, Link" LABEL:"" DESC=""}
  LINK @375000 {TXH1:13 TXH2:28 RELATION=child}
  SET_ATTR @395000 {TXH:28 NAME:op_type VALUE:33603684309229924   RADIX:UVM_STRING BITS=56}
  SET_ATTR @395000 {TXH:28 NAME:addr VALUE:2   RADIX:UVM_HEX BITS=32}
  SET_ATTR @395000 {TXH:28 NAME:din VALUE:183   RADIX:UVM_HEX BITS=8}
  SET_ATTR @395000 {TXH:28 NAME:dout VALUE:0   RADIX:UVM_HEX BITS=8}
  SET_ATTR @395000 {TXH:28 NAME:rest_rf VALUE:0   RADIX:UVM_HEX BITS=1}
  SET_ATTR @395000 {TXH:28 NAME:transaction_id VALUE:5   RADIX:UVM_DEC BITS=32}
END @395000 {TXH:28 TIME=0}
FREE @395000 {TXH:28}
END @395000 {TXH:13 TIME=0}
FREE @395000 {TXH:13}
END @395000 {TXH:11 TIME=0}
FREE @395000 {TXH:11}
BEGIN @395000 {TXH:29 STREAM:1 NAME:clk10_rst5_seq TIME=0  TYPE="Begin_No_Parent, Link" LABEL:"" DESC=""}
BEGIN @395000 {TXH:30 STREAM:3 NAME:write_wbxspi_seq TIME=0  TYPE="Begin_No_Parent, Link" LABEL:"" DESC=""}
BEGIN @395000 {TXH:31 STREAM:1 NAME:cr TIME=0  TYPE="Begin_End, Link" LABEL:"" DESC=""}
  LINK @395000 {TXH1:29 TXH2:31 RELATION=child}
BEGIN @395000 {TXH:32 STREAM:6 NAME:wb_spi1_write TIME=0  TYPE="Begin_End, Link" LABEL:"" DESC=""}
  LINK @395000 {TXH1:30 TXH2:32 RELATION=child}
BEGIN @395000 {TXH:33 STREAM:8 NAME:spi_seq TIME=0  TYPE="Begin_End, Link" LABEL:"" DESC=""}
  LINK @395000 {TXH1:30 TXH2:33 RELATION=child}
BEGIN @395000 {TXH:34 STREAM:6 NAME:req TIME=0  TYPE="Begin_End, Link" LABEL:"" DESC=""}
  LINK @395000 {TXH1:32 TXH2:34 RELATION=child}
BEGIN @395000 {TXH:35 STREAM:1 NAME:req TIME=0  TYPE="Begin_End, Link" LABEL:"" DESC=""}
  LINK @395000 {TXH1:31 TXH2:35 RELATION=child}
  SET_ATTR @395000 {TXH:35 NAME:clock_period VALUE:10   RADIX:UVM_HEX BITS=32}
  SET_ATTR @395000 {TXH:35 NAME:reset_delay VALUE:5   RADIX:UVM_HEX BITS=32}
  SET_ATTR @395000 {TXH:35 NAME:clock_cycles_to_count VALUE:0   RADIX:UVM_HEX BITS=32}
  SET_ATTR @395000 {TXH:35 NAME:cycle_count_must_happen VALUE:0   RADIX:UVM_HEX BITS=1}
  SET_ATTR @395000 {TXH:35 NAME:run_clock VALUE:1   RADIX:UVM_HEX BITS=1}
  SET_ATTR @395000 {TXH:35 NAME:transaction_id VALUE:1   RADIX:UVM_DEC BITS=32}
END @395000 {TXH:35 TIME=0}
FREE @395000 {TXH:35}
END @395000 {TXH:31 TIME=0}
FREE @395000 {TXH:31}
  SET_ATTR @415000 {TXH:34 NAME:op_type VALUE:8602543204856329317   RADIX:UVM_STRING BITS=64}
  SET_ATTR @415000 {TXH:34 NAME:addr VALUE:0   RADIX:UVM_HEX BITS=32}
  SET_ATTR @415000 {TXH:34 NAME:din VALUE:112   RADIX:UVM_HEX BITS=8}
  SET_ATTR @415000 {TXH:34 NAME:dout VALUE:X   RADIX:UVM_HEX BITS=8}
  SET_ATTR @415000 {TXH:34 NAME:rest_rf VALUE:0   RADIX:UVM_HEX BITS=1}
  SET_ATTR @415000 {TXH:34 NAME:transaction_id VALUE:1   RADIX:UVM_DEC BITS=32}
END @415000 {TXH:34 TIME=0}
FREE @415000 {TXH:34}
BEGIN @415000 {TXH:36 STREAM:6 NAME:req TIME=0  TYPE="Begin_End, Link" LABEL:"" DESC=""}
  LINK @415000 {TXH1:32 TXH2:36 RELATION=child}
  SET_ATTR @475000 {TXH:36 NAME:op_type VALUE:8602543204856329317   RADIX:UVM_STRING BITS=64}
  SET_ATTR @475000 {TXH:36 NAME:addr VALUE:4   RADIX:UVM_HEX BITS=32}
  SET_ATTR @475000 {TXH:36 NAME:din VALUE:1   RADIX:UVM_HEX BITS=8}
  SET_ATTR @475000 {TXH:36 NAME:dout VALUE:X   RADIX:UVM_HEX BITS=8}
  SET_ATTR @475000 {TXH:36 NAME:rest_rf VALUE:0   RADIX:UVM_HEX BITS=1}
  SET_ATTR @475000 {TXH:36 NAME:transaction_id VALUE:2   RADIX:UVM_DEC BITS=32}
END @475000 {TXH:36 TIME=0}
FREE @475000 {TXH:36}
BEGIN @475000 {TXH:37 STREAM:6 NAME:req TIME=0  TYPE="Begin_End, Link" LABEL:"" DESC=""}
  LINK @475000 {TXH1:32 TXH2:37 RELATION=child}
  SET_ATTR @495000 {TXH:37 NAME:op_type VALUE:8602543204856329317   RADIX:UVM_STRING BITS=64}
  SET_ATTR @495000 {TXH:37 NAME:addr VALUE:2   RADIX:UVM_HEX BITS=32}
  SET_ATTR @495000 {TXH:37 NAME:din VALUE:5   RADIX:UVM_HEX BITS=8}
  SET_ATTR @495000 {TXH:37 NAME:dout VALUE:X   RADIX:UVM_HEX BITS=8}
  SET_ATTR @495000 {TXH:37 NAME:rest_rf VALUE:0   RADIX:UVM_HEX BITS=1}
  SET_ATTR @495000 {TXH:37 NAME:transaction_id VALUE:3   RADIX:UVM_DEC BITS=32}
END @495000 {TXH:37 TIME=0}
FREE @495000 {TXH:37}
BEGIN @655000 {TXH:38 STREAM:6 NAME:req TIME=0  TYPE="Begin_End, Link" LABEL:"" DESC=""}
  LINK @655000 {TXH1:32 TXH2:38 RELATION=child}
  SET_ATTR @675000 {TXH:38 NAME:op_type VALUE:8602543204856329317   RADIX:UVM_STRING BITS=64}
  SET_ATTR @675000 {TXH:38 NAME:addr VALUE:4   RADIX:UVM_HEX BITS=32}
  SET_ATTR @675000 {TXH:38 NAME:din VALUE:0   RADIX:UVM_HEX BITS=8}
  SET_ATTR @675000 {TXH:38 NAME:dout VALUE:X   RADIX:UVM_HEX BITS=8}
  SET_ATTR @675000 {TXH:38 NAME:rest_rf VALUE:0   RADIX:UVM_HEX BITS=1}
  SET_ATTR @675000 {TXH:38 NAME:transaction_id VALUE:4   RADIX:UVM_DEC BITS=32}
END @675000 {TXH:38 TIME=0}
FREE @675000 {TXH:38}
BEGIN @675000 {TXH:39 STREAM:6 NAME:req TIME=0  TYPE="Begin_End, Link" LABEL:"" DESC=""}
  LINK @675000 {TXH1:32 TXH2:39 RELATION=child}
END @695000 {TXH:29 TIME=0}
FREE @695000 {TXH:29}
  SET_ATTR @695000 {TXH:39 NAME:op_type VALUE:33603684309229924   RADIX:UVM_STRING BITS=56}
  SET_ATTR @695000 {TXH:39 NAME:addr VALUE:2   RADIX:UVM_HEX BITS=32}
  SET_ATTR @695000 {TXH:39 NAME:din VALUE:243   RADIX:UVM_HEX BITS=8}
  SET_ATTR @695000 {TXH:39 NAME:dout VALUE:0   RADIX:UVM_HEX BITS=8}
  SET_ATTR @695000 {TXH:39 NAME:rest_rf VALUE:0   RADIX:UVM_HEX BITS=1}
  SET_ATTR @695000 {TXH:39 NAME:transaction_id VALUE:5   RADIX:UVM_DEC BITS=32}
END @695000 {TXH:39 TIME=0}
FREE @695000 {TXH:39}
END @695000 {TXH:32 TIME=0}
FREE @695000 {TXH:32}
