  CREATE_STREAM @0.000 ns {NAME:clk10_rst5_seq T:TVM SCOPE:uvm_test_top.tb_soc.clk_rst_env.agent.sequencer STREAM:1}
BEGIN @0.000 ns {TXH:2 STREAM:1 NAME:clk10_rst5_seq TIME=0.000 ns  TYPE="Begin_No_Parent, Link" LABEL:"" DESC="Object ID: \clock_and_reset_pkg::clk10_rst5_seq @1 (@1435)
Sequencer ID: \clock_and_reset_pkg::clock_and_reset_sequencer @1 (@692)
Phase: run
"}
  CREATE_STREAM @0.000 ns {NAME:en_spi1_seq T:TVM SCOPE:uvm_test_top.tb_soc.mcseqr STREAM:3}
BEGIN @0.000 ns {TXH:4 STREAM:3 NAME:en_spi1_seq TIME=0.000 ns  TYPE="Begin_No_Parent, Link" LABEL:"" DESC="Object ID: \tb_top::en_spi1_seq @1 (@1441)
Sequencer ID: \tb_top::soc_mcsequencer @1 (@549)
Phase: run
"}
BEGIN @0.000 ns {TXH:5 STREAM:1 NAME:cr TIME=0.000 ns  TYPE="Begin_End, Link" LABEL:"" DESC="Object ID: \clock_and_reset_pkg::clock_and_reset_sequence @1 (@1461)
Sequencer ID: \clock_and_reset_pkg::clock_and_reset_sequencer @1 (@692)
Phase: N/A
"}
  LINK @0.000 ns {TXH1:2 TXH2:5 RELATION=child}
  CREATE_STREAM @0.000 ns {NAME:en_spi1_seq T:TVM SCOPE:uvm_test_top.tb_soc.wbenv.masters[0].sequencer STREAM:6}
BEGIN @0.000 ns {TXH:7 STREAM:6 NAME:en_spi TIME=0.000 ns  TYPE="Begin_End, Link" LABEL:"" DESC="Object ID: \tb_top::enable_spi_core @1 (@1465)
Sequencer ID: \wb_pkg::wb_master_sequencer @1 (@1289)
Phase: N/A
"}
  LINK @0.000 ns {TXH1:4 TXH2:7 RELATION=child}
BEGIN @0.000 ns {TXH:8 STREAM:6 NAME:req TIME=0.000 ns  TYPE="Begin_End, Link" LABEL:"" DESC="Object ID: \wb_pkg::wb_transaction @1 (@1474)
Sequencer ID: \wb_pkg::wb_master_sequencer @1 (@1289)
"}
  LINK @0.000 ns {TXH1:7 TXH2:8 RELATION=child}
BEGIN @0.000 ns {TXH:9 STREAM:1 NAME:req TIME=0.000 ns  TYPE="Begin_End, Link" LABEL:"" DESC="Object ID: \clock_and_reset_pkg::clock_and_reset_sequence_item @1 (@1470)
Sequencer ID: \clock_and_reset_pkg::clock_and_reset_sequencer @1 (@692)
"}
  LINK @0.000 ns {TXH1:5 TXH2:9 RELATION=child}
  SET_ATTR @0.000 ns {TXH:9 NAME:clock_period VALUE:10   RADIX:UVM_HEX BITS=32}
  SET_ATTR @0.000 ns {TXH:9 NAME:reset_delay VALUE:50   RADIX:UVM_HEX BITS=32}
  SET_ATTR @0.000 ns {TXH:9 NAME:clock_cycles_to_count VALUE:0   RADIX:UVM_HEX BITS=32}
  SET_ATTR @0.000 ns {TXH:9 NAME:cycle_count_must_happen VALUE:0   RADIX:UVM_HEX BITS=1}
  SET_ATTR @0.000 ns {TXH:9 NAME:run_clock VALUE:1   RADIX:UVM_HEX BITS=1}
  SET_ATTR @0.000 ns {TXH:9 NAME:transaction_id VALUE:1   RADIX:UVM_DEC BITS=32}
END @0.000 ns {TXH:9 TIME=0.000 ns}
FREE @0.000 ns {TXH:9}
END @0.000 ns {TXH:5 TIME=0.000 ns}
FREE @0.000 ns {TXH:5}
END @300.000 ns {TXH:2 TIME=0.000 ns}
FREE @300.000 ns {TXH:2}
  SET_ATTR @525.000 ns {TXH:8 NAME:op_type VALUE:8602543204856329317   RADIX:UVM_STRING BITS=64}
  SET_ATTR @525.000 ns {TXH:8 NAME:addr VALUE:536871424   RADIX:UVM_HEX BITS=32}
  SET_ATTR @525.000 ns {TXH:8 NAME:din VALUE:112   RADIX:UVM_HEX BITS=32}
  SET_ATTR @525.000 ns {TXH:8 NAME:dout VALUE:x   RADIX:UVM_HEX BITS=32}
  SET_ATTR @525.000 ns {TXH:8 NAME:rest_rf VALUE:0   RADIX:UVM_HEX BITS=1}
  SET_ATTR @525.000 ns {TXH:8 NAME:valid_sb VALUE:0   RADIX:UVM_HEX BITS=1}
  SET_ATTR @525.000 ns {TXH:8 NAME:transaction_id VALUE:1   RADIX:UVM_DEC BITS=32}
END @525.000 ns {TXH:8 TIME=0.000 ns}
FREE @525.000 ns {TXH:8}
BEGIN @525.000 ns {TXH:10 STREAM:6 NAME:req TIME=0.000 ns  TYPE="Begin_End, Link" LABEL:"" DESC="Object ID: \wb_pkg::wb_transaction @5 (@1612)
Sequencer ID: \wb_pkg::wb_master_sequencer @1 (@1289)
"}
  LINK @525.000 ns {TXH1:7 TXH2:10 RELATION=child}
  SET_ATTR @545.000 ns {TXH:10 NAME:op_type VALUE:33603684309229924   RADIX:UVM_STRING BITS=56}
  SET_ATTR @545.000 ns {TXH:10 NAME:addr VALUE:536871424   RADIX:UVM_HEX BITS=32}
  SET_ATTR @545.000 ns {TXH:10 NAME:din VALUE:48   RADIX:UVM_HEX BITS=32}
  SET_ATTR @545.000 ns {TXH:10 NAME:dout VALUE:112   RADIX:UVM_HEX BITS=32}
  SET_ATTR @545.000 ns {TXH:10 NAME:rest_rf VALUE:0   RADIX:UVM_HEX BITS=1}
  SET_ATTR @545.000 ns {TXH:10 NAME:valid_sb VALUE:0   RADIX:UVM_HEX BITS=1}
  SET_ATTR @545.000 ns {TXH:10 NAME:transaction_id VALUE:2   RADIX:UVM_DEC BITS=32}
END @545.000 ns {TXH:10 TIME=0.000 ns}
FREE @545.000 ns {TXH:10}
END @545.000 ns {TXH:7 TIME=0.000 ns}
FREE @545.000 ns {TXH:7}
END @545.000 ns {TXH:4 TIME=0.000 ns}
FREE @545.000 ns {TXH:4}
